Wed Apr 16 20:51:41 EDT 2025
Running on node: spdr18
no change     /usr/local/sw/anaconda/anaconda3/condabin/conda
no change     /usr/local/sw/anaconda/anaconda3/bin/conda
no change     /usr/local/sw/anaconda/anaconda3/bin/conda-env
no change     /usr/local/sw/anaconda/anaconda3/bin/activate
no change     /usr/local/sw/anaconda/anaconda3/bin/deactivate
no change     /usr/local/sw/anaconda/anaconda3/etc/profile.d/conda.sh
no change     /usr/local/sw/anaconda/anaconda3/etc/fish/conf.d/conda.fish
no change     /usr/local/sw/anaconda/anaconda3/shell/condabin/Conda.psm1
no change     /usr/local/sw/anaconda/anaconda3/shell/condabin/conda-hook.ps1
no change     /usr/local/sw/anaconda/anaconda3/lib/python3.9/site-packages/xontrib/conda.xsh
no change     /usr/local/sw/anaconda/anaconda3/etc/profile.d/conda.csh
no change     /home/km3nc/.bashrc
No action taken.
Starting distillation training...
/usr/local/sw/anaconda/anaconda3/lib/python3.9/site-packages/torch/utils/_pytree.py:185: FutureWarning: optree is installed but the version is too old to support PyTorch Dynamo in C++ pytree. C++ pytree support is disabled. Please consider upgrading optree using `python3 -m pip install --upgrade 'optree>=0.13.0'`.
  warnings.warn(
W0416 20:51:44.112234 1016479 site-packages/torch/distributed/run.py:792] 
W0416 20:51:44.112234 1016479 site-packages/torch/distributed/run.py:792] *****************************************
W0416 20:51:44.112234 1016479 site-packages/torch/distributed/run.py:792] Setting OMP_NUM_THREADS environment variable for each process to be 1 in default, to avoid your system being overloaded, please further tune the variable for optimal performance in your application as needed. 
W0416 20:51:44.112234 1016479 site-packages/torch/distributed/run.py:792] *****************************************
/usr/local/sw/anaconda/anaconda3/lib/python3.9/site-packages/torch/utils/_pytree.py:185: FutureWarning: optree is installed but the version is too old to support PyTorch Dynamo in C++ pytree. C++ pytree support is disabled. Please consider upgrading optree using `python3 -m pip install --upgrade 'optree>=0.13.0'`.
  warnings.warn(
/usr/local/sw/anaconda/anaconda3/lib/python3.9/site-packages/torch/utils/_pytree.py:185: FutureWarning: optree is installed but the version is too old to support PyTorch Dynamo in C++ pytree. C++ pytree support is disabled. Please consider upgrading optree using `python3 -m pip install --upgrade 'optree>=0.13.0'`.
  warnings.warn(
2025-04-16 20:51:51.215506: I tensorflow/core/util/port.cc:113] oneDNN custom operations are on. You may see slightly different numerical results due to floating-point round-off errors from different computation orders. To turn them off, set the environment variable `TF_ENABLE_ONEDNN_OPTS=0`.
2025-04-16 20:51:51.223188: I tensorflow/core/util/port.cc:113] oneDNN custom operations are on. You may see slightly different numerical results due to floating-point round-off errors from different computation orders. To turn them off, set the environment variable `TF_ENABLE_ONEDNN_OPTS=0`.
2025-04-16 20:51:51.255827: E external/local_xla/xla/stream_executor/cuda/cuda_dnn.cc:9261] Unable to register cuDNN factory: Attempting to register factory for plugin cuDNN when one has already been registered
2025-04-16 20:51:51.255855: E external/local_xla/xla/stream_executor/cuda/cuda_fft.cc:607] Unable to register cuFFT factory: Attempting to register factory for plugin cuFFT when one has already been registered
2025-04-16 20:51:51.257036: E external/local_xla/xla/stream_executor/cuda/cuda_blas.cc:1515] Unable to register cuBLAS factory: Attempting to register factory for plugin cuBLAS when one has already been registered
2025-04-16 20:51:51.263158: I tensorflow/core/platform/cpu_feature_guard.cc:182] This TensorFlow binary is optimized to use available CPU instructions in performance-critical operations.
To enable the following instructions: AVX2 AVX512F AVX512_VNNI FMA, in other operations, rebuild TensorFlow with the appropriate compiler flags.
2025-04-16 20:51:51.264681: E external/local_xla/xla/stream_executor/cuda/cuda_dnn.cc:9261] Unable to register cuDNN factory: Attempting to register factory for plugin cuDNN when one has already been registered
2025-04-16 20:51:51.264711: E external/local_xla/xla/stream_executor/cuda/cuda_fft.cc:607] Unable to register cuFFT factory: Attempting to register factory for plugin cuFFT when one has already been registered
2025-04-16 20:51:51.265809: E external/local_xla/xla/stream_executor/cuda/cuda_blas.cc:1515] Unable to register cuBLAS factory: Attempting to register factory for plugin cuBLAS when one has already been registered
2025-04-16 20:51:51.272937: I tensorflow/core/platform/cpu_feature_guard.cc:182] This TensorFlow binary is optimized to use available CPU instructions in performance-critical operations.
To enable the following instructions: AVX2 AVX512F AVX512_VNNI FMA, in other operations, rebuild TensorFlow with the appropriate compiler flags.
2025-04-16 20:51:52.210604: W tensorflow/compiler/tf2tensorrt/utils/py_utils.cc:38] TF-TRT Warning: Could not find TensorRT
2025-04-16 20:51:52.210677: W tensorflow/compiler/tf2tensorrt/utils/py_utils.cc:38] TF-TRT Warning: Could not find TensorRT
Traceback (most recent call last):
  File "/home/km3nc/babylm/grid-search.py", line 22, in <module>
    from your_trainer_module import DeepSupervisionDistillationTrainer, DistillationTrainingArguments
ModuleNotFoundError: No module named 'your_trainer_module'
Traceback (most recent call last):
  File "/home/km3nc/babylm/grid-search.py", line 22, in <module>
    from your_trainer_module import DeepSupervisionDistillationTrainer, DistillationTrainingArguments
ModuleNotFoundError: No module named 'your_trainer_module'
W0416 20:51:54.958813 1016479 site-packages/torch/distributed/elastic/multiprocessing/api.py:897] Sending process 1016488 closing signal SIGTERM
E0416 20:51:55.022896 1016479 site-packages/torch/distributed/elastic/multiprocessing/api.py:869] failed (exitcode: 1) local_rank: 1 (pid: 1016489) of binary: /usr/local/sw/anaconda/anaconda3/bin/python
Traceback (most recent call last):
  File "/usr/local/sw/anaconda/anaconda3/bin/torchrun", line 8, in <module>
    sys.exit(main())
  File "/usr/local/sw/anaconda/anaconda3/lib/python3.9/site-packages/torch/distributed/elastic/multiprocessing/errors/__init__.py", line 355, in wrapper
    return f(*args, **kwargs)
  File "/usr/local/sw/anaconda/anaconda3/lib/python3.9/site-packages/torch/distributed/run.py", line 918, in main
    run(args)
  File "/usr/local/sw/anaconda/anaconda3/lib/python3.9/site-packages/torch/distributed/run.py", line 909, in run
    elastic_launch(
  File "/usr/local/sw/anaconda/anaconda3/lib/python3.9/site-packages/torch/distributed/launcher/api.py", line 138, in __call__
    return launch_agent(self._config, self._entrypoint, list(args))
  File "/usr/local/sw/anaconda/anaconda3/lib/python3.9/site-packages/torch/distributed/launcher/api.py", line 269, in launch_agent
    raise ChildFailedError(
torch.distributed.elastic.multiprocessing.errors.ChildFailedError: 
============================================================
grid-search.py FAILED
------------------------------------------------------------
Failures:
  <NO_OTHER_FAILURES>
------------------------------------------------------------
Root Cause (first observed failure):
[0]:
  time      : 2025-04-16_20:51:54
  host      : spdr18.cluster
  rank      : 1 (local_rank: 1)
  exitcode  : 1 (pid: 1016489)
  error_file: <N/A>
  traceback : To enable traceback see: https://pytorch.org/docs/stable/elastic/errors.html
============================================================
Command exited with non-zero status 1
	Command being timed: "torchrun --nproc_per_node=2 grid-search.py"
	User time (seconds): 16.45
	System time (seconds): 3.52
	Percent of CPU this job got: 154%
	Elapsed (wall clock) time (h:mm:ss or m:ss): 0:12.94
	Average shared text size (kbytes): 0
	Average unshared data size (kbytes): 0
	Average stack size (kbytes): 0
	Average total size (kbytes): 0
	Maximum resident set size (kbytes): 1186624
	Average resident set size (kbytes): 0
	Major (requiring I/O) page faults: 1184
	Minor (reclaiming a frame) page faults: 739743
	Voluntary context switches: 59175
	Involuntary context switches: 148186
	Swaps: 0
	File system inputs: 414448
	File system outputs: 1224
	Socket messages sent: 0
	Socket messages received: 0
	Signals delivered: 0
	Page size (bytes): 4096
	Exit status: 1
